{"C:\\Users\\sari katz\\Desktop\\מסלול\\FullStack\\finalProject-React-NodeJs-mySql-\\server\\controllers\\foodDiaryController.js": {"path":"C:\\Users\\sari katz\\Desktop\\מסלול\\FullStack\\finalProject-React-NodeJs-mySql-\\server\\controllers\\foodDiaryController.js","statementMap":{"0":{"start":{"line":1,"column":95},"end":{"line":1,"column":137}},"1":{"start":{"line":2,"column":25},"end":{"line":2,"column":64}},"2":{"start":{"line":7,"column":0},"end":{"line":27,"column":2}},"3":{"start":{"line":8,"column":17},"end":{"line":8,"column":25}},"4":{"start":{"line":9,"column":24},"end":{"line":9,"column":45}},"5":{"start":{"line":12,"column":4},"end":{"line":16,"column":5}},"6":{"start":{"line":13,"column":8},"end":{"line":15,"column":11}},"7":{"start":{"line":18,"column":4},"end":{"line":26,"column":5}},"8":{"start":{"line":19,"column":31},"end":{"line":19,"column":77}},"9":{"start":{"line":20,"column":8},"end":{"line":20,"column":52}},"10":{"start":{"line":22,"column":8},"end":{"line":22,"column":66}},"11":{"start":{"line":23,"column":8},"end":{"line":25,"column":11}},"12":{"start":{"line":33,"column":0},"end":{"line":42,"column":2}},"13":{"start":{"line":34,"column":4},"end":{"line":41,"column":5}},"14":{"start":{"line":35,"column":23},"end":{"line":35,"column":34}},"15":{"start":{"line":36,"column":23},"end":{"line":36,"column":69}},"16":{"start":{"line":37,"column":8},"end":{"line":37,"column":37}},"17":{"start":{"line":39,"column":8},"end":{"line":39,"column":72}},"18":{"start":{"line":40,"column":8},"end":{"line":40,"column":93}},"19":{"start":{"line":48,"column":0},"end":{"line":64,"column":2}},"20":{"start":{"line":49,"column":4},"end":{"line":63,"column":5}},"21":{"start":{"line":50,"column":23},"end":{"line":50,"column":34}},"22":{"start":{"line":51,"column":29},"end":{"line":51,"column":37}},"23":{"start":{"line":53,"column":8},"end":{"line":55,"column":9}},"24":{"start":{"line":54,"column":12},"end":{"line":54,"column":77}},"25":{"start":{"line":57,"column":8},"end":{"line":57,"column":57}},"26":{"start":{"line":59,"column":8},"end":{"line":59,"column":66}},"27":{"start":{"line":61,"column":8},"end":{"line":61,"column":52}},"28":{"start":{"line":62,"column":8},"end":{"line":62,"column":66}},"29":{"start":{"line":69,"column":0},"end":{"line":83,"column":2}},"30":{"start":{"line":70,"column":28},"end":{"line":70,"column":36}},"31":{"start":{"line":72,"column":4},"end":{"line":74,"column":5}},"32":{"start":{"line":73,"column":8},"end":{"line":73,"column":93}},"33":{"start":{"line":76,"column":4},"end":{"line":82,"column":5}},"34":{"start":{"line":77,"column":31},"end":{"line":77,"column":75}},"35":{"start":{"line":78,"column":8},"end":{"line":78,"column":45}},"36":{"start":{"line":80,"column":8},"end":{"line":80,"column":70}},"37":{"start":{"line":81,"column":8},"end":{"line":81,"column":91}},"38":{"start":{"line":88,"column":0},"end":{"line":103,"column":2}},"39":{"start":{"line":89,"column":4},"end":{"line":102,"column":5}},"40":{"start":{"line":90,"column":23},"end":{"line":90,"column":34}},"41":{"start":{"line":91,"column":36},"end":{"line":91,"column":44}},"42":{"start":{"line":93,"column":8},"end":{"line":95,"column":9}},"43":{"start":{"line":94,"column":12},"end":{"line":94,"column":77}},"44":{"start":{"line":97,"column":8},"end":{"line":97,"column":68}},"45":{"start":{"line":98,"column":8},"end":{"line":98,"column":67}},"46":{"start":{"line":100,"column":8},"end":{"line":100,"column":56}},"47":{"start":{"line":101,"column":8},"end":{"line":101,"column":67}},"48":{"start":{"line":104,"column":0},"end":{"line":128,"column":2}},"49":{"start":{"line":105,"column":4},"end":{"line":127,"column":5}},"50":{"start":{"line":106,"column":8},"end":{"line":108,"column":9}},"51":{"start":{"line":107,"column":12},"end":{"line":107,"column":69}},"52":{"start":{"line":110,"column":23},"end":{"line":110,"column":34}},"53":{"start":{"line":112,"column":23},"end":{"line":112,"column":69}},"54":{"start":{"line":113,"column":28},"end":{"line":113,"column":49}},"55":{"start":{"line":116,"column":12},"end":{"line":121,"column":14}},"56":{"start":{"line":123,"column":8},"end":{"line":123,"column":46}},"57":{"start":{"line":125,"column":8},"end":{"line":125,"column":59}},"58":{"start":{"line":126,"column":8},"end":{"line":126,"column":80}}},"fnMap":{"0":{"name":"(anonymous_0)","decl":{"start":{"line":7,"column":22},"end":{"line":7,"column":23}},"loc":{"start":{"line":7,"column":42},"end":{"line":27,"column":1}},"line":7},"1":{"name":"(anonymous_1)","decl":{"start":{"line":33,"column":26},"end":{"line":33,"column":27}},"loc":{"start":{"line":33,"column":46},"end":{"line":42,"column":1}},"line":33},"2":{"name":"(anonymous_2)","decl":{"start":{"line":48,"column":18},"end":{"line":48,"column":19}},"loc":{"start":{"line":48,"column":38},"end":{"line":64,"column":1}},"line":48},"3":{"name":"(anonymous_3)","decl":{"start":{"line":69,"column":26},"end":{"line":69,"column":27}},"loc":{"start":{"line":69,"column":46},"end":{"line":83,"column":1}},"line":69},"4":{"name":"(anonymous_4)","decl":{"start":{"line":88,"column":22},"end":{"line":88,"column":23}},"loc":{"start":{"line":88,"column":42},"end":{"line":103,"column":1}},"line":88},"5":{"name":"(anonymous_5)","decl":{"start":{"line":104,"column":33},"end":{"line":104,"column":34}},"loc":{"start":{"line":104,"column":53},"end":{"line":128,"column":1}},"line":104}},"branchMap":{"0":{"loc":{"start":{"line":12,"column":4},"end":{"line":16,"column":5}},"type":"if","locations":[{"start":{"line":12,"column":4},"end":{"line":16,"column":5}},{"start":{},"end":{}}],"line":12},"1":{"loc":{"start":{"line":12,"column":8},"end":{"line":12,"column":60}},"type":"binary-expr","locations":[{"start":{"line":12,"column":8},"end":{"line":12,"column":13}},{"start":{"line":12,"column":18},"end":{"line":12,"column":30}},{"start":{"line":12,"column":34},"end":{"line":12,"column":59}}],"line":12},"2":{"loc":{"start":{"line":53,"column":8},"end":{"line":55,"column":9}},"type":"if","locations":[{"start":{"line":53,"column":8},"end":{"line":55,"column":9}},{"start":{},"end":{}}],"line":53},"3":{"loc":{"start":{"line":53,"column":12},"end":{"line":53,"column":56}},"type":"binary-expr","locations":[{"start":{"line":53,"column":12},"end":{"line":53,"column":40}},{"start":{"line":53,"column":44},"end":{"line":53,"column":56}}],"line":53},"4":{"loc":{"start":{"line":72,"column":4},"end":{"line":74,"column":5}},"type":"if","locations":[{"start":{"line":72,"column":4},"end":{"line":74,"column":5}},{"start":{},"end":{}}],"line":72},"5":{"loc":{"start":{"line":93,"column":8},"end":{"line":95,"column":9}},"type":"if","locations":[{"start":{"line":93,"column":8},"end":{"line":95,"column":9}},{"start":{},"end":{}}],"line":93},"6":{"loc":{"start":{"line":93,"column":12},"end":{"line":93,"column":70}},"type":"binary-expr","locations":[{"start":{"line":93,"column":12},"end":{"line":93,"column":47}},{"start":{"line":93,"column":51},"end":{"line":93,"column":70}}],"line":93},"7":{"loc":{"start":{"line":106,"column":8},"end":{"line":108,"column":9}},"type":"if","locations":[{"start":{"line":106,"column":8},"end":{"line":108,"column":9}},{"start":{},"end":{}}],"line":106},"8":{"loc":{"start":{"line":106,"column":12},"end":{"line":106,"column":37}},"type":"binary-expr","locations":[{"start":{"line":106,"column":12},"end":{"line":106,"column":21}},{"start":{"line":106,"column":25},"end":{"line":106,"column":37}}],"line":106}},"s":{"0":1,"1":1,"2":1,"3":2,"4":2,"5":2,"6":1,"7":1,"8":1,"9":1,"10":0,"11":0,"12":1,"13":1,"14":1,"15":1,"16":1,"17":0,"18":0,"19":1,"20":2,"21":2,"22":2,"23":2,"24":1,"25":1,"26":1,"27":0,"28":0,"29":1,"30":1,"31":1,"32":0,"33":1,"34":1,"35":1,"36":0,"37":0,"38":1,"39":1,"40":1,"41":1,"42":1,"43":0,"44":1,"45":1,"46":0,"47":0,"48":1,"49":0,"50":0,"51":0,"52":0,"53":0,"54":0,"55":0,"56":0,"57":0,"58":0},"f":{"0":2,"1":1,"2":2,"3":1,"4":1,"5":0},"b":{"0":[1,1],"1":[2,2,1],"2":[1,1],"3":[2,2],"4":[0,1],"5":[0,1],"6":[1,1],"7":[0,0],"8":[0,0]},"_coverageSchema":"1a1c01bbd47fc00a2c39e90264f33305004495a9","hash":"16d5aa33f7757386946a712e10ada7ed341cf8d5"}
,"C:\\Users\\sari katz\\Desktop\\מסלול\\FullStack\\finalProject-React-NodeJs-mySql-\\server\\routes\\foodDiaryRoutes.js": {"path":"C:\\Users\\sari katz\\Desktop\\מסלול\\FullStack\\finalProject-React-NodeJs-mySql-\\server\\routes\\foodDiaryRoutes.js","statementMap":{"0":{"start":{"line":1,"column":16},"end":{"line":1,"column":34}},"1":{"start":{"line":2,"column":15},"end":{"line":2,"column":32}},"2":{"start":{"line":3,"column":28},"end":{"line":3,"column":73}},"3":{"start":{"line":5,"column":30},"end":{"line":5,"column":70}},"4":{"start":{"line":6,"column":15},"end":{"line":6,"column":31}},"5":{"start":{"line":9,"column":16},"end":{"line":9,"column":38}},"6":{"start":{"line":10,"column":15},"end":{"line":10,"column":43}},"7":{"start":{"line":14,"column":0},"end":{"line":14,"column":85}},"8":{"start":{"line":17,"column":0},"end":{"line":17,"column":77}},"9":{"start":{"line":20,"column":0},"end":{"line":20,"column":68}},"10":{"start":{"line":23,"column":0},"end":{"line":23,"column":89}},"11":{"start":{"line":26,"column":0},"end":{"line":26,"column":81}},"12":{"start":{"line":27,"column":0},"end":{"line":31,"column":2}},"13":{"start":{"line":35,"column":0},"end":{"line":35,"column":24}}},"fnMap":{},"branchMap":{},"s":{"0":1,"1":1,"2":1,"3":1,"4":1,"5":1,"6":1,"7":1,"8":1,"9":1,"10":1,"11":1,"12":1,"13":1},"f":{},"b":{},"_coverageSchema":"1a1c01bbd47fc00a2c39e90264f33305004495a9","hash":"252431fa43e6034b62f348e23f4b92926597894d"}
,"C:\\Users\\sari katz\\Desktop\\מסלול\\FullStack\\finalProject-React-NodeJs-mySql-\\server\\services\\foodAnalysisService.js": {"path":"C:\\Users\\sari katz\\Desktop\\מסלול\\FullStack\\finalProject-React-NodeJs-mySql-\\server\\services\\foodAnalysisService.js","statementMap":{"0":{"start":{"line":1,"column":31},"end":{"line":1,"column":63}},"1":{"start":{"line":4,"column":14},"end":{"line":4,"column":64}},"2":{"start":{"line":12,"column":29},"end":{"line":19,"column":1}},"3":{"start":{"line":13,"column":4},"end":{"line":18,"column":6}},"4":{"start":{"line":27,"column":30},"end":{"line":82,"column":1}},"5":{"start":{"line":29,"column":17},"end":{"line":31,"column":2}},"6":{"start":{"line":34,"column":15},"end":{"line":61,"column":1}},"7":{"start":{"line":66,"column":18},"end":{"line":66,"column":36}},"8":{"start":{"line":67,"column":4},"end":{"line":70,"column":5}},"9":{"start":{"line":68,"column":26},"end":{"line":68,"column":74}},"10":{"start":{"line":69,"column":8},"end":{"line":69,"column":30}},"11":{"start":{"line":72,"column":4},"end":{"line":74,"column":5}},"12":{"start":{"line":73,"column":8},"end":{"line":73,"column":60}},"13":{"start":{"line":76,"column":19},"end":{"line":76,"column":73}},"14":{"start":{"line":77,"column":25},"end":{"line":77,"column":47}},"15":{"start":{"line":80,"column":23},"end":{"line":80,"column":86}},"16":{"start":{"line":81,"column":4},"end":{"line":81,"column":34}},"17":{"start":{"line":89,"column":34},"end":{"line":113,"column":1}},"18":{"start":{"line":90,"column":18},"end":{"line":90,"column":80}},"19":{"start":{"line":92,"column":19},"end":{"line":105,"column":5}},"20":{"start":{"line":107,"column":19},"end":{"line":107,"column":54}},"21":{"start":{"line":108,"column":25},"end":{"line":108,"column":47}},"22":{"start":{"line":111,"column":23},"end":{"line":111,"column":86}},"23":{"start":{"line":112,"column":4},"end":{"line":112,"column":34}},"24":{"start":{"line":117,"column":41},"end":{"line":182,"column":1}},"25":{"start":{"line":123,"column":2},"end":{"line":123,"column":64}},"26":{"start":{"line":125,"column":8},"end":{"line":125,"column":53}},"27":{"start":{"line":127,"column":18},"end":{"line":129,"column":6}},"28":{"start":{"line":131,"column":15},"end":{"line":174,"column":1}},"29":{"start":{"line":177,"column":19},"end":{"line":177,"column":54}},"30":{"start":{"line":178,"column":17},"end":{"line":178,"column":39}},"31":{"start":{"line":179,"column":18},"end":{"line":179,"column":57}},"32":{"start":{"line":180,"column":4},"end":{"line":180,"column":64}},"33":{"start":{"line":181,"column":4},"end":{"line":181,"column":29}},"34":{"start":{"line":185,"column":0},"end":{"line":185,"column":104}}},"fnMap":{"0":{"name":"(anonymous_0)","decl":{"start":{"line":12,"column":29},"end":{"line":12,"column":30}},"loc":{"start":{"line":12,"column":51},"end":{"line":19,"column":1}},"line":12},"1":{"name":"(anonymous_1)","decl":{"start":{"line":27,"column":30},"end":{"line":27,"column":31}},"loc":{"start":{"line":27,"column":59},"end":{"line":82,"column":1}},"line":27},"2":{"name":"(anonymous_2)","decl":{"start":{"line":89,"column":34},"end":{"line":89,"column":35}},"loc":{"start":{"line":89,"column":57},"end":{"line":113,"column":1}},"line":89},"3":{"name":"(anonymous_3)","decl":{"start":{"line":117,"column":41},"end":{"line":117,"column":42}},"loc":{"start":{"line":122,"column":6},"end":{"line":182,"column":1}},"line":122}},"branchMap":{"0":{"loc":{"start":{"line":67,"column":4},"end":{"line":70,"column":5}},"type":"if","locations":[{"start":{"line":67,"column":4},"end":{"line":70,"column":5}},{"start":{},"end":{}}],"line":67},"1":{"loc":{"start":{"line":72,"column":4},"end":{"line":74,"column":5}},"type":"if","locations":[{"start":{"line":72,"column":4},"end":{"line":74,"column":5}},{"start":{},"end":{}}],"line":72}},"s":{"0":1,"1":1,"2":1,"3":1,"4":1,"5":3,"6":3,"7":3,"8":3,"9":1,"10":1,"11":3,"12":3,"13":3,"14":3,"15":3,"16":3,"17":1,"18":2,"19":2,"20":2,"21":2,"22":2,"23":2,"24":1,"25":3,"26":3,"27":3,"28":3,"29":3,"30":3,"31":3,"32":3,"33":3,"34":1},"f":{"0":1,"1":3,"2":2,"3":3},"b":{"0":[1,2],"1":[3,0]},"_coverageSchema":"1a1c01bbd47fc00a2c39e90264f33305004495a9","hash":"a65c00c9734db4f6122dfcba94a2ba51fcaca00e"}
,"C:\\Users\\sari katz\\Desktop\\מסלול\\FullStack\\finalProject-React-NodeJs-mySql-\\server\\services\\foodDiaryService.js": {"path":"C:\\Users\\sari katz\\Desktop\\מסלול\\FullStack\\finalProject-React-NodeJs-mySql-\\server\\services\\foodDiaryService.js","statementMap":{"0":{"start":{"line":1,"column":13},"end":{"line":1,"column":40}},"1":{"start":{"line":9,"column":24},"end":{"line":36,"column":1}},"2":{"start":{"line":11,"column":23},"end":{"line":14,"column":5}},"3":{"start":{"line":16,"column":4},"end":{"line":18,"column":5}},"4":{"start":{"line":17,"column":8},"end":{"line":17,"column":42}},"5":{"start":{"line":20,"column":31},"end":{"line":20,"column":61}},"6":{"start":{"line":23,"column":18},"end":{"line":23,"column":55}},"7":{"start":{"line":24,"column":27},"end":{"line":27,"column":5}},"8":{"start":{"line":30,"column":27},"end":{"line":30,"column":90}},"9":{"start":{"line":32,"column":4},"end":{"line":35,"column":6}},"10":{"start":{"line":45,"column":16},"end":{"line":56,"column":1}},"11":{"start":{"line":46,"column":18},"end":{"line":46,"column":55}},"12":{"start":{"line":48,"column":21},"end":{"line":53,"column":5}},"13":{"start":{"line":55,"column":4},"end":{"line":55,"column":49}},"14":{"start":{"line":65,"column":20},"end":{"line":76,"column":1}},"15":{"start":{"line":66,"column":18},"end":{"line":66,"column":55}},"16":{"start":{"line":68,"column":21},"end":{"line":73,"column":5}},"17":{"start":{"line":75,"column":4},"end":{"line":75,"column":49}},"18":{"start":{"line":78,"column":0},"end":{"line":78,"column":59}}},"fnMap":{"0":{"name":"(anonymous_0)","decl":{"start":{"line":9,"column":24},"end":{"line":9,"column":25}},"loc":{"start":{"line":9,"column":42},"end":{"line":36,"column":1}},"line":9},"1":{"name":"(anonymous_1)","decl":{"start":{"line":45,"column":16},"end":{"line":45,"column":17}},"loc":{"start":{"line":45,"column":49},"end":{"line":56,"column":1}},"line":45},"2":{"name":"(anonymous_2)","decl":{"start":{"line":65,"column":20},"end":{"line":65,"column":21}},"loc":{"start":{"line":65,"column":54},"end":{"line":76,"column":1}},"line":65}},"branchMap":{"0":{"loc":{"start":{"line":16,"column":4},"end":{"line":18,"column":5}},"type":"if","locations":[{"start":{"line":16,"column":4},"end":{"line":18,"column":5}},{"start":{},"end":{}}],"line":16},"1":{"loc":{"start":{"line":16,"column":8},"end":{"line":16,"column":42}},"type":"binary-expr","locations":[{"start":{"line":16,"column":8},"end":{"line":16,"column":17}},{"start":{"line":16,"column":21},"end":{"line":16,"column":42}}],"line":16},"2":{"loc":{"start":{"line":30,"column":27},"end":{"line":30,"column":90}},"type":"binary-expr","locations":[{"start":{"line":30,"column":27},"end":{"line":30,"column":42}},{"start":{"line":30,"column":46},"end":{"line":30,"column":90}}],"line":30}},"s":{"0":1,"1":1,"2":3,"3":3,"4":1,"5":2,"6":2,"7":2,"8":2,"9":2,"10":1,"11":1,"12":1,"13":1,"14":1,"15":1,"16":1,"17":1,"18":1},"f":{"0":3,"1":1,"2":1},"b":{"0":[1,2],"1":[3,3],"2":[2,1]},"_coverageSchema":"1a1c01bbd47fc00a2c39e90264f33305004495a9","hash":"55303e82c3c5cee5adc67890ab70ebb17c82da46"}
}
