TN:
SF:controllers\foodDiaryController.js
FN:7,(anonymous_0)
FN:33,(anonymous_1)
FN:48,(anonymous_2)
FN:69,(anonymous_3)
FN:88,(anonymous_4)
FN:104,(anonymous_5)
FNF:6
FNH:5
FNDA:2,(anonymous_0)
FNDA:1,(anonymous_1)
FNDA:2,(anonymous_2)
FNDA:1,(anonymous_3)
FNDA:1,(anonymous_4)
FNDA:0,(anonymous_5)
DA:1,1
DA:2,1
DA:7,1
DA:8,2
DA:9,2
DA:12,2
DA:13,1
DA:18,1
DA:19,1
DA:20,1
DA:22,0
DA:23,0
DA:33,1
DA:34,1
DA:35,1
DA:36,1
DA:37,1
DA:39,0
DA:40,0
DA:48,1
DA:49,2
DA:50,2
DA:51,2
DA:53,2
DA:54,1
DA:57,1
DA:59,1
DA:61,0
DA:62,0
DA:69,1
DA:70,1
DA:72,1
DA:73,0
DA:76,1
DA:77,1
DA:78,1
DA:80,0
DA:81,0
DA:88,1
DA:89,1
DA:90,1
DA:91,1
DA:93,1
DA:94,0
DA:97,1
DA:98,1
DA:100,0
DA:101,0
DA:104,1
DA:105,0
DA:106,0
DA:107,0
DA:110,0
DA:112,0
DA:113,0
DA:116,0
DA:123,0
DA:125,0
DA:126,0
LF:59
LH:37
BRDA:12,0,0,1
BRDA:12,0,1,1
BRDA:12,1,0,2
BRDA:12,1,1,2
BRDA:12,1,2,1
BRDA:53,2,0,1
BRDA:53,2,1,1
BRDA:53,3,0,2
BRDA:53,3,1,2
BRDA:72,4,0,0
BRDA:72,4,1,1
BRDA:93,5,0,0
BRDA:93,5,1,1
BRDA:93,6,0,1
BRDA:93,6,1,1
BRDA:106,7,0,0
BRDA:106,7,1,0
BRDA:106,8,0,0
BRDA:106,8,1,0
BRF:19
BRH:13
end_of_record
TN:
SF:routes\foodDiaryRoutes.js
FNF:0
FNH:0
DA:1,1
DA:2,1
DA:3,1
DA:5,1
DA:6,1
DA:9,1
DA:10,1
DA:14,1
DA:17,1
DA:20,1
DA:23,1
DA:26,1
DA:27,1
DA:35,1
LF:14
LH:14
BRF:0
BRH:0
end_of_record
TN:
SF:services\foodAnalysisService.js
FN:12,(anonymous_0)
FN:27,(anonymous_1)
FN:89,(anonymous_2)
FN:117,(anonymous_3)
FNF:4
FNH:4
FNDA:1,(anonymous_0)
FNDA:3,(anonymous_1)
FNDA:2,(anonymous_2)
FNDA:3,(anonymous_3)
DA:1,1
DA:4,1
DA:12,1
DA:13,1
DA:27,1
DA:29,3
DA:34,3
DA:66,3
DA:67,3
DA:68,1
DA:69,1
DA:72,3
DA:73,3
DA:76,3
DA:77,3
DA:80,3
DA:81,3
DA:89,1
DA:90,2
DA:92,2
DA:107,2
DA:108,2
DA:111,2
DA:112,2
DA:117,1
DA:123,3
DA:125,3
DA:127,3
DA:131,3
DA:177,3
DA:178,3
DA:179,3
DA:180,3
DA:181,3
DA:185,1
LF:35
LH:35
BRDA:67,0,0,1
BRDA:67,0,1,2
BRDA:72,1,0,3
BRDA:72,1,1,0
BRF:4
BRH:3
end_of_record
TN:
SF:services\foodDiaryService.js
FN:9,(anonymous_0)
FN:45,(anonymous_1)
FN:65,(anonymous_2)
FNF:3
FNH:3
FNDA:3,(anonymous_0)
FNDA:1,(anonymous_1)
FNDA:1,(anonymous_2)
DA:1,1
DA:9,1
DA:11,3
DA:16,3
DA:17,1
DA:20,2
DA:23,2
DA:24,2
DA:30,2
DA:32,2
DA:45,1
DA:46,1
DA:48,1
DA:55,1
DA:65,1
DA:66,1
DA:68,1
DA:75,1
DA:78,1
LF:19
LH:19
BRDA:16,0,0,1
BRDA:16,0,1,2
BRDA:16,1,0,3
BRDA:16,1,1,3
BRDA:30,2,0,2
BRDA:30,2,1,1
BRF:6
BRH:6
end_of_record
